ARM GAS  /tmp/ccZS4o8r.s 			page 1


   1              		.cpu cortex-m4
   2              		.arch armv7e-m
   3              		.fpu fpv4-sp-d16
   4              		.eabi_attribute 27, 1
   5              		.eabi_attribute 28, 1
   6              		.eabi_attribute 20, 1
   7              		.eabi_attribute 21, 1
   8              		.eabi_attribute 23, 3
   9              		.eabi_attribute 24, 1
  10              		.eabi_attribute 25, 1
  11              		.eabi_attribute 26, 1
  12              		.eabi_attribute 30, 1
  13              		.eabi_attribute 34, 1
  14              		.eabi_attribute 18, 4
  15              		.file	"stm32f3xx_it.c"
  16              		.text
  17              	.Ltext0:
  18              		.cfi_sections	.debug_frame
  19              		.file 1 "Core/Src/stm32f3xx_it.c"
  20              		.section	.text.NMI_Handler,"ax",%progbits
  21              		.align	1
  22              		.global	NMI_Handler
  23              		.syntax unified
  24              		.thumb
  25              		.thumb_func
  27              	NMI_Handler:
  28              	.LFB484:
   1:Core/Src/stm32f3xx_it.c **** /* USER CODE BEGIN Header */
   2:Core/Src/stm32f3xx_it.c **** /**
   3:Core/Src/stm32f3xx_it.c ****   ******************************************************************************
   4:Core/Src/stm32f3xx_it.c ****   * @file    stm32f3xx_it.c
   5:Core/Src/stm32f3xx_it.c ****   * @brief   Interrupt Service Routines.
   6:Core/Src/stm32f3xx_it.c ****   ******************************************************************************
   7:Core/Src/stm32f3xx_it.c ****   * @attention
   8:Core/Src/stm32f3xx_it.c ****   *
   9:Core/Src/stm32f3xx_it.c ****   * Copyright (c) 2022 STMicroelectronics.
  10:Core/Src/stm32f3xx_it.c ****   * All rights reserved.
  11:Core/Src/stm32f3xx_it.c ****   *
  12:Core/Src/stm32f3xx_it.c ****   * This software is licensed under terms that can be found in the LICENSE file
  13:Core/Src/stm32f3xx_it.c ****   * in the root directory of this software component.
  14:Core/Src/stm32f3xx_it.c ****   * If no LICENSE file comes with this software, it is provided AS-IS.
  15:Core/Src/stm32f3xx_it.c ****   *
  16:Core/Src/stm32f3xx_it.c ****   ******************************************************************************
  17:Core/Src/stm32f3xx_it.c ****   */
  18:Core/Src/stm32f3xx_it.c **** /* USER CODE END Header */
  19:Core/Src/stm32f3xx_it.c **** 
  20:Core/Src/stm32f3xx_it.c **** /* Includes ------------------------------------------------------------------*/
  21:Core/Src/stm32f3xx_it.c **** #include "main.h"
  22:Core/Src/stm32f3xx_it.c **** #include "stm32f3xx_it.h"
  23:Core/Src/stm32f3xx_it.c **** /* Private includes ----------------------------------------------------------*/
  24:Core/Src/stm32f3xx_it.c **** /* USER CODE BEGIN Includes */
  25:Core/Src/stm32f3xx_it.c **** /* USER CODE END Includes */
  26:Core/Src/stm32f3xx_it.c **** 
  27:Core/Src/stm32f3xx_it.c **** /* Private typedef -----------------------------------------------------------*/
  28:Core/Src/stm32f3xx_it.c **** /* USER CODE BEGIN TD */
  29:Core/Src/stm32f3xx_it.c **** 
  30:Core/Src/stm32f3xx_it.c **** /* USER CODE END TD */
ARM GAS  /tmp/ccZS4o8r.s 			page 2


  31:Core/Src/stm32f3xx_it.c **** 
  32:Core/Src/stm32f3xx_it.c **** /* Private define ------------------------------------------------------------*/
  33:Core/Src/stm32f3xx_it.c **** /* USER CODE BEGIN PD */
  34:Core/Src/stm32f3xx_it.c **** 
  35:Core/Src/stm32f3xx_it.c **** /* USER CODE END PD */
  36:Core/Src/stm32f3xx_it.c **** 
  37:Core/Src/stm32f3xx_it.c **** /* Private macro -------------------------------------------------------------*/
  38:Core/Src/stm32f3xx_it.c **** /* USER CODE BEGIN PM */
  39:Core/Src/stm32f3xx_it.c **** 
  40:Core/Src/stm32f3xx_it.c **** /* USER CODE END PM */
  41:Core/Src/stm32f3xx_it.c **** 
  42:Core/Src/stm32f3xx_it.c **** /* Private variables ---------------------------------------------------------*/
  43:Core/Src/stm32f3xx_it.c **** /* USER CODE BEGIN PV */
  44:Core/Src/stm32f3xx_it.c **** int lastTimer = 0;
  45:Core/Src/stm32f3xx_it.c **** /* USER CODE END PV */
  46:Core/Src/stm32f3xx_it.c **** 
  47:Core/Src/stm32f3xx_it.c **** /* Private function prototypes -----------------------------------------------*/
  48:Core/Src/stm32f3xx_it.c **** /* USER CODE BEGIN PFP */
  49:Core/Src/stm32f3xx_it.c **** 
  50:Core/Src/stm32f3xx_it.c **** /* USER CODE END PFP */
  51:Core/Src/stm32f3xx_it.c **** 
  52:Core/Src/stm32f3xx_it.c **** /* Private user code ---------------------------------------------------------*/
  53:Core/Src/stm32f3xx_it.c **** /* USER CODE BEGIN 0 */
  54:Core/Src/stm32f3xx_it.c **** 
  55:Core/Src/stm32f3xx_it.c **** /* USER CODE END 0 */
  56:Core/Src/stm32f3xx_it.c **** 
  57:Core/Src/stm32f3xx_it.c **** /* External variables --------------------------------------------------------*/
  58:Core/Src/stm32f3xx_it.c **** extern CAN_HandleTypeDef hcan;
  59:Core/Src/stm32f3xx_it.c **** /* USER CODE BEGIN EV */
  60:Core/Src/stm32f3xx_it.c **** 
  61:Core/Src/stm32f3xx_it.c **** /* USER CODE END EV */
  62:Core/Src/stm32f3xx_it.c **** 
  63:Core/Src/stm32f3xx_it.c **** /******************************************************************************/
  64:Core/Src/stm32f3xx_it.c **** /*           Cortex-M4 Processor Interruption and Exception Handlers          */
  65:Core/Src/stm32f3xx_it.c **** /******************************************************************************/
  66:Core/Src/stm32f3xx_it.c **** /**
  67:Core/Src/stm32f3xx_it.c ****   * @brief This function handles Non maskable interrupt.
  68:Core/Src/stm32f3xx_it.c ****   */
  69:Core/Src/stm32f3xx_it.c **** void NMI_Handler(void)
  70:Core/Src/stm32f3xx_it.c **** {
  29              		.loc 1 70 1 view -0
  30              		.cfi_startproc
  31              		@ Volatile: function does not return.
  32              		@ args = 0, pretend = 0, frame = 0
  33              		@ frame_needed = 0, uses_anonymous_args = 0
  34              		@ link register save eliminated.
  35              	.L2:
  71:Core/Src/stm32f3xx_it.c ****   /* USER CODE BEGIN NonMaskableInt_IRQn 0 */
  72:Core/Src/stm32f3xx_it.c **** 
  73:Core/Src/stm32f3xx_it.c ****   /* USER CODE END NonMaskableInt_IRQn 0 */
  74:Core/Src/stm32f3xx_it.c ****   /* USER CODE BEGIN NonMaskableInt_IRQn 1 */
  75:Core/Src/stm32f3xx_it.c ****   while (1)
  36              		.loc 1 75 3 view .LVU1
  76:Core/Src/stm32f3xx_it.c ****   {
  77:Core/Src/stm32f3xx_it.c ****   }
  37              		.loc 1 77 3 view .LVU2
  75:Core/Src/stm32f3xx_it.c ****   {
ARM GAS  /tmp/ccZS4o8r.s 			page 3


  38              		.loc 1 75 9 view .LVU3
  39 0000 FEE7     		b	.L2
  40              		.cfi_endproc
  41              	.LFE484:
  43              		.section	.text.HardFault_Handler,"ax",%progbits
  44              		.align	1
  45              		.global	HardFault_Handler
  46              		.syntax unified
  47              		.thumb
  48              		.thumb_func
  50              	HardFault_Handler:
  51              	.LFB485:
  78:Core/Src/stm32f3xx_it.c ****   /* USER CODE END NonMaskableInt_IRQn 1 */
  79:Core/Src/stm32f3xx_it.c **** }
  80:Core/Src/stm32f3xx_it.c **** 
  81:Core/Src/stm32f3xx_it.c **** /**
  82:Core/Src/stm32f3xx_it.c ****   * @brief This function handles Hard fault interrupt.
  83:Core/Src/stm32f3xx_it.c ****   */
  84:Core/Src/stm32f3xx_it.c **** void HardFault_Handler(void)
  85:Core/Src/stm32f3xx_it.c **** {
  52              		.loc 1 85 1 view -0
  53              		.cfi_startproc
  54              		@ Volatile: function does not return.
  55              		@ args = 0, pretend = 0, frame = 0
  56              		@ frame_needed = 0, uses_anonymous_args = 0
  57              		@ link register save eliminated.
  58              	.L4:
  86:Core/Src/stm32f3xx_it.c ****   /* USER CODE BEGIN HardFault_IRQn 0 */
  87:Core/Src/stm32f3xx_it.c **** 
  88:Core/Src/stm32f3xx_it.c ****   /* USER CODE END HardFault_IRQn 0 */
  89:Core/Src/stm32f3xx_it.c ****   while (1)
  59              		.loc 1 89 3 view .LVU5
  90:Core/Src/stm32f3xx_it.c ****   {
  91:Core/Src/stm32f3xx_it.c ****     /* USER CODE BEGIN W1_HardFault_IRQn 0 */
  92:Core/Src/stm32f3xx_it.c ****     /* USER CODE END W1_HardFault_IRQn 0 */
  93:Core/Src/stm32f3xx_it.c ****   }
  60              		.loc 1 93 3 view .LVU6
  89:Core/Src/stm32f3xx_it.c ****   {
  61              		.loc 1 89 9 view .LVU7
  62 0000 FEE7     		b	.L4
  63              		.cfi_endproc
  64              	.LFE485:
  66              		.section	.text.MemManage_Handler,"ax",%progbits
  67              		.align	1
  68              		.global	MemManage_Handler
  69              		.syntax unified
  70              		.thumb
  71              		.thumb_func
  73              	MemManage_Handler:
  74              	.LFB486:
  94:Core/Src/stm32f3xx_it.c **** }
  95:Core/Src/stm32f3xx_it.c **** 
  96:Core/Src/stm32f3xx_it.c **** /**
  97:Core/Src/stm32f3xx_it.c ****   * @brief This function handles Memory management fault.
  98:Core/Src/stm32f3xx_it.c ****   */
  99:Core/Src/stm32f3xx_it.c **** void MemManage_Handler(void)
 100:Core/Src/stm32f3xx_it.c **** {
ARM GAS  /tmp/ccZS4o8r.s 			page 4


  75              		.loc 1 100 1 view -0
  76              		.cfi_startproc
  77              		@ Volatile: function does not return.
  78              		@ args = 0, pretend = 0, frame = 0
  79              		@ frame_needed = 0, uses_anonymous_args = 0
  80              		@ link register save eliminated.
  81              	.L6:
 101:Core/Src/stm32f3xx_it.c ****   /* USER CODE BEGIN MemoryManagement_IRQn 0 */
 102:Core/Src/stm32f3xx_it.c **** 
 103:Core/Src/stm32f3xx_it.c ****   /* USER CODE END MemoryManagement_IRQn 0 */
 104:Core/Src/stm32f3xx_it.c ****   while (1)
  82              		.loc 1 104 3 view .LVU9
 105:Core/Src/stm32f3xx_it.c ****   {
 106:Core/Src/stm32f3xx_it.c ****     /* USER CODE BEGIN W1_MemoryManagement_IRQn 0 */
 107:Core/Src/stm32f3xx_it.c ****     /* USER CODE END W1_MemoryManagement_IRQn 0 */
 108:Core/Src/stm32f3xx_it.c ****   }
  83              		.loc 1 108 3 view .LVU10
 104:Core/Src/stm32f3xx_it.c ****   {
  84              		.loc 1 104 9 view .LVU11
  85 0000 FEE7     		b	.L6
  86              		.cfi_endproc
  87              	.LFE486:
  89              		.section	.text.BusFault_Handler,"ax",%progbits
  90              		.align	1
  91              		.global	BusFault_Handler
  92              		.syntax unified
  93              		.thumb
  94              		.thumb_func
  96              	BusFault_Handler:
  97              	.LFB487:
 109:Core/Src/stm32f3xx_it.c **** }
 110:Core/Src/stm32f3xx_it.c **** 
 111:Core/Src/stm32f3xx_it.c **** /**
 112:Core/Src/stm32f3xx_it.c ****   * @brief This function handles Pre-fetch fault, memory access fault.
 113:Core/Src/stm32f3xx_it.c ****   */
 114:Core/Src/stm32f3xx_it.c **** void BusFault_Handler(void)
 115:Core/Src/stm32f3xx_it.c **** {
  98              		.loc 1 115 1 view -0
  99              		.cfi_startproc
 100              		@ Volatile: function does not return.
 101              		@ args = 0, pretend = 0, frame = 0
 102              		@ frame_needed = 0, uses_anonymous_args = 0
 103              		@ link register save eliminated.
 104              	.L8:
 116:Core/Src/stm32f3xx_it.c ****   /* USER CODE BEGIN BusFault_IRQn 0 */
 117:Core/Src/stm32f3xx_it.c **** 
 118:Core/Src/stm32f3xx_it.c ****   /* USER CODE END BusFault_IRQn 0 */
 119:Core/Src/stm32f3xx_it.c ****   while (1)
 105              		.loc 1 119 3 view .LVU13
 120:Core/Src/stm32f3xx_it.c ****   {
 121:Core/Src/stm32f3xx_it.c ****     /* USER CODE BEGIN W1_BusFault_IRQn 0 */
 122:Core/Src/stm32f3xx_it.c ****     /* USER CODE END W1_BusFault_IRQn 0 */
 123:Core/Src/stm32f3xx_it.c ****   }
 106              		.loc 1 123 3 view .LVU14
 119:Core/Src/stm32f3xx_it.c ****   {
 107              		.loc 1 119 9 view .LVU15
 108 0000 FEE7     		b	.L8
ARM GAS  /tmp/ccZS4o8r.s 			page 5


 109              		.cfi_endproc
 110              	.LFE487:
 112              		.section	.text.UsageFault_Handler,"ax",%progbits
 113              		.align	1
 114              		.global	UsageFault_Handler
 115              		.syntax unified
 116              		.thumb
 117              		.thumb_func
 119              	UsageFault_Handler:
 120              	.LFB488:
 124:Core/Src/stm32f3xx_it.c **** }
 125:Core/Src/stm32f3xx_it.c **** 
 126:Core/Src/stm32f3xx_it.c **** /**
 127:Core/Src/stm32f3xx_it.c ****   * @brief This function handles Undefined instruction or illegal state.
 128:Core/Src/stm32f3xx_it.c ****   */
 129:Core/Src/stm32f3xx_it.c **** void UsageFault_Handler(void)
 130:Core/Src/stm32f3xx_it.c **** {
 121              		.loc 1 130 1 view -0
 122              		.cfi_startproc
 123              		@ Volatile: function does not return.
 124              		@ args = 0, pretend = 0, frame = 0
 125              		@ frame_needed = 0, uses_anonymous_args = 0
 126              		@ link register save eliminated.
 127              	.L10:
 131:Core/Src/stm32f3xx_it.c ****   /* USER CODE BEGIN UsageFault_IRQn 0 */
 132:Core/Src/stm32f3xx_it.c **** 
 133:Core/Src/stm32f3xx_it.c ****   /* USER CODE END UsageFault_IRQn 0 */
 134:Core/Src/stm32f3xx_it.c ****   while (1)
 128              		.loc 1 134 3 view .LVU17
 135:Core/Src/stm32f3xx_it.c ****   {
 136:Core/Src/stm32f3xx_it.c ****     /* USER CODE BEGIN W1_UsageFault_IRQn 0 */
 137:Core/Src/stm32f3xx_it.c ****     /* USER CODE END W1_UsageFault_IRQn 0 */
 138:Core/Src/stm32f3xx_it.c ****   }
 129              		.loc 1 138 3 view .LVU18
 134:Core/Src/stm32f3xx_it.c ****   {
 130              		.loc 1 134 9 view .LVU19
 131 0000 FEE7     		b	.L10
 132              		.cfi_endproc
 133              	.LFE488:
 135              		.section	.text.SVC_Handler,"ax",%progbits
 136              		.align	1
 137              		.global	SVC_Handler
 138              		.syntax unified
 139              		.thumb
 140              		.thumb_func
 142              	SVC_Handler:
 143              	.LFB489:
 139:Core/Src/stm32f3xx_it.c **** }
 140:Core/Src/stm32f3xx_it.c **** 
 141:Core/Src/stm32f3xx_it.c **** /**
 142:Core/Src/stm32f3xx_it.c ****   * @brief This function handles System service call via SWI instruction.
 143:Core/Src/stm32f3xx_it.c ****   */
 144:Core/Src/stm32f3xx_it.c **** void SVC_Handler(void)
 145:Core/Src/stm32f3xx_it.c **** {
 144              		.loc 1 145 1 view -0
 145              		.cfi_startproc
 146              		@ args = 0, pretend = 0, frame = 0
ARM GAS  /tmp/ccZS4o8r.s 			page 6


 147              		@ frame_needed = 0, uses_anonymous_args = 0
 148              		@ link register save eliminated.
 146:Core/Src/stm32f3xx_it.c ****   /* USER CODE BEGIN SVCall_IRQn 0 */
 147:Core/Src/stm32f3xx_it.c **** 
 148:Core/Src/stm32f3xx_it.c ****   /* USER CODE END SVCall_IRQn 0 */
 149:Core/Src/stm32f3xx_it.c ****   /* USER CODE BEGIN SVCall_IRQn 1 */
 150:Core/Src/stm32f3xx_it.c **** 
 151:Core/Src/stm32f3xx_it.c ****   /* USER CODE END SVCall_IRQn 1 */
 152:Core/Src/stm32f3xx_it.c **** }
 149              		.loc 1 152 1 view .LVU21
 150 0000 7047     		bx	lr
 151              		.cfi_endproc
 152              	.LFE489:
 154              		.section	.text.DebugMon_Handler,"ax",%progbits
 155              		.align	1
 156              		.global	DebugMon_Handler
 157              		.syntax unified
 158              		.thumb
 159              		.thumb_func
 161              	DebugMon_Handler:
 162              	.LFB490:
 153:Core/Src/stm32f3xx_it.c **** 
 154:Core/Src/stm32f3xx_it.c **** /**
 155:Core/Src/stm32f3xx_it.c ****   * @brief This function handles Debug monitor.
 156:Core/Src/stm32f3xx_it.c ****   */
 157:Core/Src/stm32f3xx_it.c **** void DebugMon_Handler(void)
 158:Core/Src/stm32f3xx_it.c **** {
 163              		.loc 1 158 1 view -0
 164              		.cfi_startproc
 165              		@ args = 0, pretend = 0, frame = 0
 166              		@ frame_needed = 0, uses_anonymous_args = 0
 167              		@ link register save eliminated.
 159:Core/Src/stm32f3xx_it.c ****   /* USER CODE BEGIN DebugMonitor_IRQn 0 */
 160:Core/Src/stm32f3xx_it.c **** 
 161:Core/Src/stm32f3xx_it.c ****   /* USER CODE END DebugMonitor_IRQn 0 */
 162:Core/Src/stm32f3xx_it.c ****   /* USER CODE BEGIN DebugMonitor_IRQn 1 */
 163:Core/Src/stm32f3xx_it.c **** 
 164:Core/Src/stm32f3xx_it.c ****   /* USER CODE END DebugMonitor_IRQn 1 */
 165:Core/Src/stm32f3xx_it.c **** }
 168              		.loc 1 165 1 view .LVU23
 169 0000 7047     		bx	lr
 170              		.cfi_endproc
 171              	.LFE490:
 173              		.section	.text.PendSV_Handler,"ax",%progbits
 174              		.align	1
 175              		.global	PendSV_Handler
 176              		.syntax unified
 177              		.thumb
 178              		.thumb_func
 180              	PendSV_Handler:
 181              	.LFB491:
 166:Core/Src/stm32f3xx_it.c **** 
 167:Core/Src/stm32f3xx_it.c **** /**
 168:Core/Src/stm32f3xx_it.c ****   * @brief This function handles Pendable request for system service.
 169:Core/Src/stm32f3xx_it.c ****   */
 170:Core/Src/stm32f3xx_it.c **** void PendSV_Handler(void)
 171:Core/Src/stm32f3xx_it.c **** {
ARM GAS  /tmp/ccZS4o8r.s 			page 7


 182              		.loc 1 171 1 view -0
 183              		.cfi_startproc
 184              		@ args = 0, pretend = 0, frame = 0
 185              		@ frame_needed = 0, uses_anonymous_args = 0
 186              		@ link register save eliminated.
 172:Core/Src/stm32f3xx_it.c ****   /* USER CODE BEGIN PendSV_IRQn 0 */
 173:Core/Src/stm32f3xx_it.c **** 
 174:Core/Src/stm32f3xx_it.c ****   /* USER CODE END PendSV_IRQn 0 */
 175:Core/Src/stm32f3xx_it.c ****   /* USER CODE BEGIN PendSV_IRQn 1 */
 176:Core/Src/stm32f3xx_it.c **** 
 177:Core/Src/stm32f3xx_it.c ****   /* USER CODE END PendSV_IRQn 1 */
 178:Core/Src/stm32f3xx_it.c **** }
 187              		.loc 1 178 1 view .LVU25
 188 0000 7047     		bx	lr
 189              		.cfi_endproc
 190              	.LFE491:
 192              		.section	.text.SysTick_Handler,"ax",%progbits
 193              		.align	1
 194              		.global	SysTick_Handler
 195              		.syntax unified
 196              		.thumb
 197              		.thumb_func
 199              	SysTick_Handler:
 200              	.LFB492:
 179:Core/Src/stm32f3xx_it.c **** 
 180:Core/Src/stm32f3xx_it.c **** /**
 181:Core/Src/stm32f3xx_it.c ****   * @brief This function handles System tick timer.
 182:Core/Src/stm32f3xx_it.c ****   */
 183:Core/Src/stm32f3xx_it.c **** void SysTick_Handler(void)
 184:Core/Src/stm32f3xx_it.c **** {
 201              		.loc 1 184 1 view -0
 202              		.cfi_startproc
 203              		@ args = 0, pretend = 0, frame = 0
 204              		@ frame_needed = 0, uses_anonymous_args = 0
 205 0000 08B5     		push	{r3, lr}
 206              		.cfi_def_cfa_offset 8
 207              		.cfi_offset 3, -8
 208              		.cfi_offset 14, -4
 185:Core/Src/stm32f3xx_it.c ****   /* USER CODE BEGIN SysTick_IRQn 0 */
 186:Core/Src/stm32f3xx_it.c **** 
 187:Core/Src/stm32f3xx_it.c ****   /* USER CODE END SysTick_IRQn 0 */
 188:Core/Src/stm32f3xx_it.c ****   HAL_IncTick();
 209              		.loc 1 188 3 view .LVU27
 210 0002 FFF7FEFF 		bl	HAL_IncTick
 211              	.LVL0:
 189:Core/Src/stm32f3xx_it.c ****   /* USER CODE BEGIN SysTick_IRQn 1 */
 190:Core/Src/stm32f3xx_it.c ****   if (HAL_GetTick() - lastTimer > 250) {
 212              		.loc 1 190 3 view .LVU28
 213              		.loc 1 190 7 is_stmt 0 view .LVU29
 214 0006 FFF7FEFF 		bl	HAL_GetTick
 215              	.LVL1:
 216              		.loc 1 190 21 discriminator 1 view .LVU30
 217 000a 0B4B     		ldr	r3, .L18
 218 000c 1B68     		ldr	r3, [r3]
 219 000e C01A     		subs	r0, r0, r3
 220              		.loc 1 190 6 discriminator 1 view .LVU31
 221 0010 FA28     		cmp	r0, #250
ARM GAS  /tmp/ccZS4o8r.s 			page 8


 222 0012 00D8     		bhi	.L17
 223              	.L14:
 191:Core/Src/stm32f3xx_it.c **** 	  HAL_GPIO_TogglePin(LED1_GPIO_Port, LED1_Pin);
 192:Core/Src/stm32f3xx_it.c **** 	  HAL_GPIO_TogglePin(LED2_GPIO_Port, LED2_Pin);
 193:Core/Src/stm32f3xx_it.c **** 	  lastTimer = HAL_GetTick();
 194:Core/Src/stm32f3xx_it.c ****   }
 195:Core/Src/stm32f3xx_it.c ****   /* USER CODE END SysTick_IRQn 1 */
 196:Core/Src/stm32f3xx_it.c **** }
 224              		.loc 1 196 1 view .LVU32
 225 0014 08BD     		pop	{r3, pc}
 226              	.L17:
 191:Core/Src/stm32f3xx_it.c **** 	  HAL_GPIO_TogglePin(LED1_GPIO_Port, LED1_Pin);
 227              		.loc 1 191 4 is_stmt 1 view .LVU33
 228 0016 4FF40041 		mov	r1, #32768
 229 001a 0848     		ldr	r0, .L18+4
 230 001c FFF7FEFF 		bl	HAL_GPIO_TogglePin
 231              	.LVL2:
 192:Core/Src/stm32f3xx_it.c **** 	  lastTimer = HAL_GetTick();
 232              		.loc 1 192 4 view .LVU34
 233 0020 4FF48071 		mov	r1, #256
 234 0024 4FF09040 		mov	r0, #1207959552
 235 0028 FFF7FEFF 		bl	HAL_GPIO_TogglePin
 236              	.LVL3:
 193:Core/Src/stm32f3xx_it.c ****   }
 237              		.loc 1 193 4 view .LVU35
 193:Core/Src/stm32f3xx_it.c ****   }
 238              		.loc 1 193 16 is_stmt 0 view .LVU36
 239 002c FFF7FEFF 		bl	HAL_GetTick
 240              	.LVL4:
 193:Core/Src/stm32f3xx_it.c ****   }
 241              		.loc 1 193 14 discriminator 1 view .LVU37
 242 0030 014B     		ldr	r3, .L18
 243 0032 1860     		str	r0, [r3]
 244              		.loc 1 196 1 view .LVU38
 245 0034 EEE7     		b	.L14
 246              	.L19:
 247 0036 00BF     		.align	2
 248              	.L18:
 249 0038 00000000 		.word	lastTimer
 250 003c 00040048 		.word	1207960576
 251              		.cfi_endproc
 252              	.LFE492:
 254              		.section	.text.USB_LP_CAN_RX0_IRQHandler,"ax",%progbits
 255              		.align	1
 256              		.global	USB_LP_CAN_RX0_IRQHandler
 257              		.syntax unified
 258              		.thumb
 259              		.thumb_func
 261              	USB_LP_CAN_RX0_IRQHandler:
 262              	.LFB493:
 197:Core/Src/stm32f3xx_it.c **** 
 198:Core/Src/stm32f3xx_it.c **** /******************************************************************************/
 199:Core/Src/stm32f3xx_it.c **** /* STM32F3xx Peripheral Interrupt Handlers                                    */
 200:Core/Src/stm32f3xx_it.c **** /* Add here the Interrupt Handlers for the used peripherals.                  */
 201:Core/Src/stm32f3xx_it.c **** /* For the available peripheral interrupt handler names,                      */
 202:Core/Src/stm32f3xx_it.c **** /* please refer to the startup file (startup_stm32f3xx.s).                    */
 203:Core/Src/stm32f3xx_it.c **** /******************************************************************************/
ARM GAS  /tmp/ccZS4o8r.s 			page 9


 204:Core/Src/stm32f3xx_it.c **** 
 205:Core/Src/stm32f3xx_it.c **** /**
 206:Core/Src/stm32f3xx_it.c ****   * @brief This function handles CAN RX0 and USB low priority interrupts.
 207:Core/Src/stm32f3xx_it.c ****   */
 208:Core/Src/stm32f3xx_it.c **** void USB_LP_CAN_RX0_IRQHandler(void)
 209:Core/Src/stm32f3xx_it.c **** {
 263              		.loc 1 209 1 is_stmt 1 view -0
 264              		.cfi_startproc
 265              		@ args = 0, pretend = 0, frame = 0
 266              		@ frame_needed = 0, uses_anonymous_args = 0
 267 0000 08B5     		push	{r3, lr}
 268              		.cfi_def_cfa_offset 8
 269              		.cfi_offset 3, -8
 270              		.cfi_offset 14, -4
 210:Core/Src/stm32f3xx_it.c ****   /* USER CODE BEGIN USB_LP_CAN_RX0_IRQn 0 */
 211:Core/Src/stm32f3xx_it.c **** 
 212:Core/Src/stm32f3xx_it.c ****   /* USER CODE END USB_LP_CAN_RX0_IRQn 0 */
 213:Core/Src/stm32f3xx_it.c ****   HAL_CAN_IRQHandler(&hcan);
 271              		.loc 1 213 3 view .LVU40
 272 0002 0248     		ldr	r0, .L22
 273 0004 FFF7FEFF 		bl	HAL_CAN_IRQHandler
 274              	.LVL5:
 214:Core/Src/stm32f3xx_it.c ****   /* USER CODE BEGIN USB_LP_CAN_RX0_IRQn 1 */
 215:Core/Src/stm32f3xx_it.c **** 
 216:Core/Src/stm32f3xx_it.c ****   /* USER CODE END USB_LP_CAN_RX0_IRQn 1 */
 217:Core/Src/stm32f3xx_it.c **** }
 275              		.loc 1 217 1 is_stmt 0 view .LVU41
 276 0008 08BD     		pop	{r3, pc}
 277              	.L23:
 278 000a 00BF     		.align	2
 279              	.L22:
 280 000c 00000000 		.word	hcan
 281              		.cfi_endproc
 282              	.LFE493:
 284              		.section	.text.CAN_RX1_IRQHandler,"ax",%progbits
 285              		.align	1
 286              		.global	CAN_RX1_IRQHandler
 287              		.syntax unified
 288              		.thumb
 289              		.thumb_func
 291              	CAN_RX1_IRQHandler:
 292              	.LFB494:
 218:Core/Src/stm32f3xx_it.c **** 
 219:Core/Src/stm32f3xx_it.c **** /**
 220:Core/Src/stm32f3xx_it.c ****   * @brief This function handles CAN RX1 interrupt.
 221:Core/Src/stm32f3xx_it.c ****   */
 222:Core/Src/stm32f3xx_it.c **** void CAN_RX1_IRQHandler(void)
 223:Core/Src/stm32f3xx_it.c **** {
 293              		.loc 1 223 1 is_stmt 1 view -0
 294              		.cfi_startproc
 295              		@ args = 0, pretend = 0, frame = 0
 296              		@ frame_needed = 0, uses_anonymous_args = 0
 297 0000 08B5     		push	{r3, lr}
 298              		.cfi_def_cfa_offset 8
 299              		.cfi_offset 3, -8
 300              		.cfi_offset 14, -4
 224:Core/Src/stm32f3xx_it.c ****   /* USER CODE BEGIN CAN_RX1_IRQn 0 */
ARM GAS  /tmp/ccZS4o8r.s 			page 10


 225:Core/Src/stm32f3xx_it.c **** 
 226:Core/Src/stm32f3xx_it.c ****   /* USER CODE END CAN_RX1_IRQn 0 */
 227:Core/Src/stm32f3xx_it.c ****   HAL_CAN_IRQHandler(&hcan);
 301              		.loc 1 227 3 view .LVU43
 302 0002 0248     		ldr	r0, .L26
 303 0004 FFF7FEFF 		bl	HAL_CAN_IRQHandler
 304              	.LVL6:
 228:Core/Src/stm32f3xx_it.c ****   /* USER CODE BEGIN CAN_RX1_IRQn 1 */
 229:Core/Src/stm32f3xx_it.c **** 
 230:Core/Src/stm32f3xx_it.c ****   /* USER CODE END CAN_RX1_IRQn 1 */
 231:Core/Src/stm32f3xx_it.c **** }
 305              		.loc 1 231 1 is_stmt 0 view .LVU44
 306 0008 08BD     		pop	{r3, pc}
 307              	.L27:
 308 000a 00BF     		.align	2
 309              	.L26:
 310 000c 00000000 		.word	hcan
 311              		.cfi_endproc
 312              	.LFE494:
 314              		.section	.text.CAN_SCE_IRQHandler,"ax",%progbits
 315              		.align	1
 316              		.global	CAN_SCE_IRQHandler
 317              		.syntax unified
 318              		.thumb
 319              		.thumb_func
 321              	CAN_SCE_IRQHandler:
 322              	.LFB495:
 232:Core/Src/stm32f3xx_it.c **** 
 233:Core/Src/stm32f3xx_it.c **** /**
 234:Core/Src/stm32f3xx_it.c ****   * @brief This function handles CAN SCE interrupt.
 235:Core/Src/stm32f3xx_it.c ****   */
 236:Core/Src/stm32f3xx_it.c **** void CAN_SCE_IRQHandler(void)
 237:Core/Src/stm32f3xx_it.c **** {
 323              		.loc 1 237 1 is_stmt 1 view -0
 324              		.cfi_startproc
 325              		@ args = 0, pretend = 0, frame = 0
 326              		@ frame_needed = 0, uses_anonymous_args = 0
 327 0000 08B5     		push	{r3, lr}
 328              		.cfi_def_cfa_offset 8
 329              		.cfi_offset 3, -8
 330              		.cfi_offset 14, -4
 238:Core/Src/stm32f3xx_it.c ****   /* USER CODE BEGIN CAN_SCE_IRQn 0 */
 239:Core/Src/stm32f3xx_it.c **** 
 240:Core/Src/stm32f3xx_it.c ****   /* USER CODE END CAN_SCE_IRQn 0 */
 241:Core/Src/stm32f3xx_it.c ****   HAL_CAN_IRQHandler(&hcan);
 331              		.loc 1 241 3 view .LVU46
 332 0002 0248     		ldr	r0, .L30
 333 0004 FFF7FEFF 		bl	HAL_CAN_IRQHandler
 334              	.LVL7:
 242:Core/Src/stm32f3xx_it.c ****   /* USER CODE BEGIN CAN_SCE_IRQn 1 */
 243:Core/Src/stm32f3xx_it.c **** 
 244:Core/Src/stm32f3xx_it.c ****   /* USER CODE END CAN_SCE_IRQn 1 */
 245:Core/Src/stm32f3xx_it.c **** }
 335              		.loc 1 245 1 is_stmt 0 view .LVU47
 336 0008 08BD     		pop	{r3, pc}
 337              	.L31:
 338 000a 00BF     		.align	2
ARM GAS  /tmp/ccZS4o8r.s 			page 11


 339              	.L30:
 340 000c 00000000 		.word	hcan
 341              		.cfi_endproc
 342              	.LFE495:
 344              		.global	lastTimer
 345              		.section	.bss.lastTimer,"aw",%nobits
 346              		.align	2
 349              	lastTimer:
 350 0000 00000000 		.space	4
 351              		.text
 352              	.Letext0:
 353              		.file 2 "/usr/arm-none-eabi/include/machine/_default_types.h"
 354              		.file 3 "/usr/arm-none-eabi/include/sys/_stdint.h"
 355              		.file 4 "Drivers/CMSIS/Device/ST/STM32F3xx/Include/stm32f302x8.h"
 356              		.file 5 "Drivers/CMSIS/Device/ST/STM32F3xx/Include/stm32f3xx.h"
 357              		.file 6 "Drivers/STM32F3xx_HAL_Driver/Inc/stm32f3xx_hal_can.h"
 358              		.file 7 "Drivers/STM32F3xx_HAL_Driver/Inc/stm32f3xx_hal_gpio.h"
 359              		.file 8 "Drivers/STM32F3xx_HAL_Driver/Inc/stm32f3xx_ll_dma.h"
 360              		.file 9 "Drivers/STM32F3xx_HAL_Driver/Inc/stm32f3xx_hal.h"
ARM GAS  /tmp/ccZS4o8r.s 			page 12


DEFINED SYMBOLS
                            *ABS*:00000000 stm32f3xx_it.c
     /tmp/ccZS4o8r.s:21     .text.NMI_Handler:00000000 $t
     /tmp/ccZS4o8r.s:27     .text.NMI_Handler:00000000 NMI_Handler
     /tmp/ccZS4o8r.s:44     .text.HardFault_Handler:00000000 $t
     /tmp/ccZS4o8r.s:50     .text.HardFault_Handler:00000000 HardFault_Handler
     /tmp/ccZS4o8r.s:67     .text.MemManage_Handler:00000000 $t
     /tmp/ccZS4o8r.s:73     .text.MemManage_Handler:00000000 MemManage_Handler
     /tmp/ccZS4o8r.s:90     .text.BusFault_Handler:00000000 $t
     /tmp/ccZS4o8r.s:96     .text.BusFault_Handler:00000000 BusFault_Handler
     /tmp/ccZS4o8r.s:113    .text.UsageFault_Handler:00000000 $t
     /tmp/ccZS4o8r.s:119    .text.UsageFault_Handler:00000000 UsageFault_Handler
     /tmp/ccZS4o8r.s:136    .text.SVC_Handler:00000000 $t
     /tmp/ccZS4o8r.s:142    .text.SVC_Handler:00000000 SVC_Handler
     /tmp/ccZS4o8r.s:155    .text.DebugMon_Handler:00000000 $t
     /tmp/ccZS4o8r.s:161    .text.DebugMon_Handler:00000000 DebugMon_Handler
     /tmp/ccZS4o8r.s:174    .text.PendSV_Handler:00000000 $t
     /tmp/ccZS4o8r.s:180    .text.PendSV_Handler:00000000 PendSV_Handler
     /tmp/ccZS4o8r.s:193    .text.SysTick_Handler:00000000 $t
     /tmp/ccZS4o8r.s:199    .text.SysTick_Handler:00000000 SysTick_Handler
     /tmp/ccZS4o8r.s:249    .text.SysTick_Handler:00000038 $d
     /tmp/ccZS4o8r.s:349    .bss.lastTimer:00000000 lastTimer
     /tmp/ccZS4o8r.s:255    .text.USB_LP_CAN_RX0_IRQHandler:00000000 $t
     /tmp/ccZS4o8r.s:261    .text.USB_LP_CAN_RX0_IRQHandler:00000000 USB_LP_CAN_RX0_IRQHandler
     /tmp/ccZS4o8r.s:280    .text.USB_LP_CAN_RX0_IRQHandler:0000000c $d
     /tmp/ccZS4o8r.s:285    .text.CAN_RX1_IRQHandler:00000000 $t
     /tmp/ccZS4o8r.s:291    .text.CAN_RX1_IRQHandler:00000000 CAN_RX1_IRQHandler
     /tmp/ccZS4o8r.s:310    .text.CAN_RX1_IRQHandler:0000000c $d
     /tmp/ccZS4o8r.s:315    .text.CAN_SCE_IRQHandler:00000000 $t
     /tmp/ccZS4o8r.s:321    .text.CAN_SCE_IRQHandler:00000000 CAN_SCE_IRQHandler
     /tmp/ccZS4o8r.s:340    .text.CAN_SCE_IRQHandler:0000000c $d
     /tmp/ccZS4o8r.s:346    .bss.lastTimer:00000000 $d

UNDEFINED SYMBOLS
HAL_IncTick
HAL_GetTick
HAL_GPIO_TogglePin
HAL_CAN_IRQHandler
hcan
